<?xml version="1.0" encoding="UTF-8"?>
<!-- Generated by org.testng.reporters.JUnitReportReporter -->
<testsuite hostname="AYANOKOJI" failures="0" tests="6" name="practicepackage.UserTestNGTest" time="21.647" errors="0" timestamp="2023-08-08T10:45:25 IST" skipped="0">
  <testcase classname="practicepackage.UserTestNGTest" name="deleteUser" time="3.183"/>
  <system-out/>
  <testcase classname="practicepackage.UserTestNGTest" name="modifyUser" time="2.928"/>
  <system-out/>
  <testcase classname="practicepackage.UserTestNGTest" name="deleteUser" time="4.714"/>
  <system-out/>
  <testcase classname="practicepackage.UserTestNGTest" name="createUser" time="3.572"/>
  <system-out/>
  <testcase classname="practicepackage.UserTestNGTest" name="modifyUser" time="3.207"/>
  <system-out/>
  <testcase classname="practicepackage.UserTestNGTest" name="createUser" time="4.043"/>
  <system-out/>
</testsuite> <!-- practicepackage.UserTestNGTest -->
