<?xml version="1.0" encoding="UTF-8"?>
<!-- Generated by org.testng.reporters.JUnitReportReporter -->
<testsuite hostname="AYANOKOJI" failures="0" tests="1" name="product.AddProductTestNGTest" time="7.372" errors="0" timestamp="2023-08-08T17:04:05 IST" skipped="0">
  <testcase classname="product.AddProductTestNGTest" name="addProduct" time="7.372"/>
  <system-out/>
</testsuite> <!-- product.AddProductTestNGTest -->
