<?xml version="1.0" encoding="UTF-8"?>
<!-- Generated by org.testng.reporters.JUnitReportReporter -->
<testsuite hostname="AYANOKOJI" failures="0" tests="1" name="suppliers.SupplierInProductListTestNGTest" time="6.005" errors="0" timestamp="2023-08-08T16:09:18 IST" skipped="0">
  <testcase classname="suppliers.SupplierInProductListTestNGTest" name="SupplierPresentInProductPage" time="6.005"/>
  <system-out/>
</testsuite> <!-- suppliers.SupplierInProductListTestNGTest -->
