<?xml version="1.0" encoding="UTF-8"?>
<!-- Generated by org.testng.reporters.JUnitReportReporter -->
<testsuite hostname="AYANOKOJI" failures="0" tests="6" name="practicepackage.ProductTestNGTest" time="19.221" errors="0" timestamp="2023-08-08T10:45:25 IST" skipped="0">
  <testcase classname="practicepackage.ProductTestNGTest" name="modifyProduct" time="3.753"/>
  <system-out/>
  <testcase classname="practicepackage.ProductTestNGTest" name="createProduct" time="2.849"/>
  <system-out/>
  <testcase classname="practicepackage.ProductTestNGTest" name="deleteProduct" time="3.154"/>
  <system-out/>
  <testcase classname="practicepackage.ProductTestNGTest" name="createProduct" time="3.043"/>
  <system-out/>
  <testcase classname="practicepackage.ProductTestNGTest" name="deleteProduct" time="3.376"/>
  <system-out/>
  <testcase classname="practicepackage.ProductTestNGTest" name="modifyProduct" time="3.046"/>
  <system-out/>
</testsuite> <!-- practicepackage.ProductTestNGTest -->
