<?xml version="1.0" encoding="UTF-8"?>
<!-- Generated by org.testng.reporters.JUnitReportReporter -->
<testsuite hostname="AYANOKOJI" failures="0" tests="2" name="practicepackage.AnnotationsTest" time="0.004" errors="0" timestamp="2023-08-07T12:01:30 IST" skipped="0">
  <testcase classname="practicepackage.AnnotationsTest" name="customer" time="0.002"/>
  <system-out/>
  <testcase classname="practicepackage.AnnotationsTest" name="employee" time="0.002"/>
  <system-out/>
</testsuite> <!-- practicepackage.AnnotationsTest -->
