<?xml version="1.0" encoding="UTF-8"?>
<!-- Generated by org.testng.reporters.JUnitReportReporter -->
<testsuite hostname="AYANOKOJI" failures="0" tests="1" name="practicepackage.practiceProgramcmdTest" time="2.906" errors="0" timestamp="2023-07-28T17:18:11 IST" skipped="0">
  <testcase classname="practicepackage.practiceProgramcmdTest" name="cmdLine" time="2.906"/>
  <system-out/>
</testsuite> <!-- practicepackage.practiceProgramcmdTest -->
