<?xml version="1.0" encoding="UTF-8"?>
<!-- Generated by org.testng.reporters.JUnitReportReporter -->
<testsuite hostname="AYANOKOJI" failures="0" tests="6" name="practicepackage.DataProviderGenericTest" time="0.016" errors="0" timestamp="2023-08-04T16:36:49 IST" skipped="0">
  <testcase classname="practicepackage.DataProviderGenericTest" name="dataFetch" time="0.001"/>
  <system-out/>
  <testcase classname="practicepackage.DataProviderGenericTest" name="dataFetch" time="0.001"/>
  <system-out/>
  <testcase classname="practicepackage.DataProviderGenericTest" name="dataFetch" time="0.002"/>
  <system-out/>
  <testcase classname="practicepackage.DataProviderGenericTest" name="dataFetch" time="0.009"/>
  <system-out/>
  <testcase classname="practicepackage.DataProviderGenericTest" name="dataFetch" time="0.002"/>
  <system-out/>
  <testcase classname="practicepackage.DataProviderGenericTest" name="dataFetch" time="0.001"/>
  <system-out/>
</testsuite> <!-- practicepackage.DataProviderGenericTest -->
