<?xml version="1.0" encoding="UTF-8"?>
<!-- Generated by org.testng.reporters.JUnitReportReporter -->
<testsuite hostname="AYANOKOJI" failures="0" tests="10" name="practicepackage.TestNGPracticeTest" time="0.016" errors="0" timestamp="2023-08-04T12:37:22 IST" skipped="0">
  <testcase classname="practicepackage.TestNGPracticeTest" name="b" time="0.000"/>
  <system-out/>
  <testcase classname="practicepackage.TestNGPracticeTest" name="x" time="0.001"/>
  <system-out/>
  <testcase classname="practicepackage.TestNGPracticeTest" name="a" time="0.001"/>
  <system-out/>
  <testcase classname="practicepackage.TestNGPracticeTest" name="d" time="0.001"/>
  <system-out/>
  <testcase classname="practicepackage.TestNGPracticeTest" name="f" time="0.001"/>
  <system-out/>
  <testcase classname="practicepackage.TestNGPracticeTest" name="g" time="0.000"/>
  <system-out/>
  <testcase classname="practicepackage.TestNGPracticeTest" name="c" time="0.009"/>
  <system-out/>
  <testcase classname="practicepackage.TestNGPracticeTest" name="u" time="0.001"/>
  <system-out/>
  <testcase classname="practicepackage.TestNGPracticeTest" name="z" time="0.001"/>
  <system-out/>
  <testcase classname="practicepackage.TestNGPracticeTest" name="y" time="0.001"/>
  <system-out/>
</testsuite> <!-- practicepackage.TestNGPracticeTest -->
