<?xml version="1.0" encoding="UTF-8"?>
<!-- Generated by org.testng.reporters.JUnitReportReporter -->
<testsuite hostname="AYANOKOJI" failures="0" tests="6" name="practicepackage.SupplierTestNGTest" time="24.666" errors="0" timestamp="2023-08-08T10:45:25 IST" skipped="0">
  <testcase classname="practicepackage.SupplierTestNGTest" name="createSupplier" time="6.421"/>
  <system-out/>
  <testcase classname="practicepackage.SupplierTestNGTest" name="deleteSupplier" time="2.767"/>
  <system-out/>
  <testcase classname="practicepackage.SupplierTestNGTest" name="deleteSupplier" time="3.516"/>
  <system-out/>
  <testcase classname="practicepackage.SupplierTestNGTest" name="modifySupplier" time="3.462"/>
  <system-out/>
  <testcase classname="practicepackage.SupplierTestNGTest" name="createSupplier" time="3.248"/>
  <system-out/>
  <testcase classname="practicepackage.SupplierTestNGTest" name="modifySupplier" time="5.252"/>
  <system-out/>
</testsuite> <!-- practicepackage.SupplierTestNGTest -->
