<?xml version="1.0" encoding="UTF-8"?>
<!-- Generated by org.testng.reporters.JUnitReportReporter -->
<testsuite hostname="AYANOKOJI" failures="0" tests="1" name="inventory.AddProductToInventoryTestNGTest" time="21.142" errors="0" timestamp="2023-08-10T13:25:42 IST" skipped="0">
  <testcase classname="inventory.AddProductToInventoryTestNGTest" name="checkProductInInventory" time="21.142"/>
  <system-out>
    <![CDATA[checkProductInInventory----------Execution Started
checkProductInInventory--------Testscript passed ]]>
  </system-out>
</testsuite> <!-- inventory.AddProductToInventoryTestNGTest -->
