<?xml version="1.0" encoding="UTF-8"?>
<!-- Generated by org.testng.reporters.JUnitReportReporter -->
<testsuite hostname="AYANOKOJI" failures="0" tests="1" name="suppliers.ViewSupplierTestNGTest" time="4.912" errors="0" timestamp="2023-08-09T16:26:36 IST" skipped="0">
  <testcase classname="suppliers.ViewSupplierTestNGTest" name="viewSupplier" time="4.912"/>
  <system-out/>
</testsuite> <!-- suppliers.ViewSupplierTestNGTest -->
