<?xml version="1.0" encoding="UTF-8"?>
<!-- Generated by org.testng.reporters.JUnitReportReporter -->
<testsuite hostname="AYANOKOJI" failures="0" tests="1" name="practicepackage.AssertionPractice" time="5.058" errors="0" timestamp="2023-08-09T12:13:54 IST" skipped="0">
  <testcase classname="practicepackage.AssertionPractice" name="assertAmazon" time="5.058"/>
  <system-out/>
</testsuite> <!-- practicepackage.AssertionPractice -->
