<?xml version="1.0" encoding="UTF-8"?>
<!-- Generated by org.testng.reporters.JUnitReportReporter -->
<testsuite hostname="AYANOKOJI" failures="0" tests="2" name="practicepackage.DataProviderTest" time="0.011" errors="0" timestamp="2023-08-04T13:31:27 IST" skipped="0">
  <testcase classname="practicepackage.DataProviderTest" name="getData" time="0.001"/>
  <system-out/>
  <testcase classname="practicepackage.DataProviderTest" name="getData" time="0.010"/>
  <system-out/>
</testsuite> <!-- practicepackage.DataProviderTest -->
