<?xml version="1.0" encoding="UTF-8"?>
<!-- Generated by org.testng.reporters.JUnitReportReporter -->
<testsuite hostname="AYANOKOJI" failures="0" tests="5" name="practicepackage.DataProviderOtherClassTest" time="0.019" errors="0" timestamp="2023-08-04T15:15:18 IST" skipped="0">
  <testcase classname="practicepackage.DataProviderOtherClassTest" name="print" time="0.011"/>
  <system-out/>
  <testcase classname="practicepackage.DataProviderOtherClassTest" name="getData" time="0.003"/>
  <system-out/>
  <testcase classname="practicepackage.DataProviderOtherClassTest" name="getData" time="0.001"/>
  <system-out/>
  <testcase classname="practicepackage.DataProviderOtherClassTest" name="getData" time="0.002"/>
  <system-out/>
  <testcase classname="practicepackage.DataProviderOtherClassTest" name="getData" time="0.002"/>
  <system-out/>
</testsuite> <!-- practicepackage.DataProviderOtherClassTest -->
