<?xml version="1.0" encoding="UTF-8"?>
<!-- Generated by org.testng.reporters.JUnitReportReporter -->
<testsuite hostname="AYANOKOJI" failures="0" tests="6" name="practicepackage.EmployeeTestNGTest" time="18.513" errors="0" timestamp="2023-08-08T10:45:25 IST" skipped="0">
  <testcase classname="practicepackage.EmployeeTestNGTest" name="deleteEmployee" time="3.077"/>
  <system-out/>
  <testcase classname="practicepackage.EmployeeTestNGTest" name="createEmployee" time="3.335"/>
  <system-out/>
  <testcase classname="practicepackage.EmployeeTestNGTest" name="createEmployee" time="2.772"/>
  <system-out/>
  <testcase classname="practicepackage.EmployeeTestNGTest" name="modifyEmployee" time="2.725"/>
  <system-out/>
  <testcase classname="practicepackage.EmployeeTestNGTest" name="modifyEmployee" time="3.424"/>
  <system-out/>
  <testcase classname="practicepackage.EmployeeTestNGTest" name="deleteEmployee" time="3.180"/>
  <system-out/>
</testsuite> <!-- practicepackage.EmployeeTestNGTest -->
