<?xml version="1.0" encoding="UTF-8"?>
<!-- Generated by org.testng.reporters.JUnitReportReporter -->
<testsuite hostname="AYANOKOJI" failures="0" tests="1" name="product.AddRemoveProductTestNGTest" time="4.948" errors="0" timestamp="2023-08-09T16:27:06 IST" skipped="0">
  <testcase classname="product.AddRemoveProductTestNGTest" name="addRemoveProduct" time="4.948"/>
  <system-out/>
</testsuite> <!-- product.AddRemoveProductTestNGTest -->
