<?xml version="1.0" encoding="UTF-8"?>
<!-- Generated by org.testng.reporters.JUnitReportReporter -->
<testsuite hostname="AYANOKOJI" failures="0" tests="1" name="accounts.AddUserAccountTestNGTest" time="7.038" errors="0" timestamp="2023-08-10T13:31:13 IST" skipped="0">
  <testcase classname="accounts.AddUserAccountTestNGTest" name="addUser" time="7.038"/>
  <system-out>
    <![CDATA[addUser----------Execution Started
addUser--------Testscript passed ]]>
  </system-out>
</testsuite> <!-- accounts.AddUserAccountTestNGTest -->
